Generated at 2015-12-06 19:14:30 -0600
SystemExit: machine[web1] (@recipe_files::C:/Erick/DevOps_CoE/Tecnologia/Chef/Chef_lab/provisioning_lab_aws/example5.rb line 20) had an error: SystemExit: exit
C:/opscode/chefdk/embedded/lib/ruby/gems/2.1.0/gems/chef-12.5.1-universal-mingw32/lib/chef/application.rb:404:in `exit'
C:/opscode/chefdk/embedded/lib/ruby/gems/2.1.0/gems/chef-12.5.1-universal-mingw32/lib/chef/application.rb:404:in `fatal!'
C:/opscode/chefdk/embedded/lib/ruby/gems/2.1.0/gems/chef-12.5.1-universal-mingw32/lib/chef/application.rb:65:in `block in setup_signal_handlers'
C:/opscode/chefdk/embedded/lib/ruby/2.1.0/timeout.rb:95:in `call'
C:/opscode/chefdk/embedded/lib/ruby/2.1.0/timeout.rb:95:in `join'
C:/opscode/chefdk/embedded/lib/ruby/2.1.0/timeout.rb:95:in `ensure in block in timeout'
C:/opscode/chefdk/embedded/lib/ruby/2.1.0/timeout.rb:95:in `block in timeout'
C:/opscode/chefdk/embedded/lib/ruby/2.1.0/timeout.rb:35:in `block in catch'
C:/opscode/chefdk/embedded/lib/ruby/2.1.0/timeout.rb:35:in `catch'
C:/opscode/chefdk/embedded/lib/ruby/2.1.0/timeout.rb:35:in `catch'
C:/opscode/chefdk/embedded/lib/ruby/2.1.0/timeout.rb:106:in `timeout'
C:/opscode/chefdk/embedded/lib/ruby/2.1.0/timeout.rb:127:in `timeout'
C:/opscode/chefdk/embedded/lib/ruby/gems/2.1.0/gems/net-ssh-2.9.2/lib/net/ssh/transport/session.rb:67:in `initialize'
C:/opscode/chefdk/embedded/lib/ruby/gems/2.1.0/gems/net-ssh-2.9.2/lib/net/ssh.rb:207:in `new'
C:/opscode/chefdk/embedded/lib/ruby/gems/2.1.0/gems/net-ssh-2.9.2/lib/net/ssh.rb:207:in `start'
C:/opscode/chefdk/embedded/lib/ruby/gems/2.1.0/gems/chef-provisioning-1.5.0/lib/chef/provisioning/transport/ssh.rb:200:in `session'
C:/opscode/chefdk/embedded/lib/ruby/gems/2.1.0/gems/chef-provisioning-1.5.0/lib/chef/provisioning/transport/ssh.rb:58:in `execute'
C:/opscode/chefdk/embedded/lib/ruby/gems/2.1.0/gems/chef-provisioning-1.5.0/lib/chef/provisioning/transport/ssh.rb:178:in `available?'
C:/opscode/chefdk/embedded/lib/ruby/gems/2.1.0/gems/chef-provisioning-aws-1.6.1/lib/chef/provisioning/aws_driver/driver.rb:1098:in `wait_for_transport'
C:/opscode/chefdk/embedded/lib/ruby/gems/2.1.0/gems/chef-provisioning-aws-1.6.1/lib/chef/provisioning/aws_driver/driver.rb:600:in `ready_machine'
C:/opscode/chefdk/embedded/lib/ruby/gems/2.1.0/gems/chef-provisioning-1.5.0/lib/chef/provider/machine.rb:39:in `block in <class:Machine>'
C:/opscode/chefdk/embedded/lib/ruby/gems/2.1.0/gems/chef-12.5.1-universal-mingw32/lib/chef/provider.rb:362:in `action_ready'
C:/opscode/chefdk/embedded/lib/ruby/gems/2.1.0/gems/chef-provisioning-1.5.0/lib/chef/provider/machine.rb:56:in `block in <class:Machine>'
C:/opscode/chefdk/embedded/lib/ruby/gems/2.1.0/gems/chef-12.5.1-universal-mingw32/lib/chef/provider.rb:362:in `action_converge'
C:/opscode/chefdk/embedded/lib/ruby/gems/2.1.0/gems/chef-12.5.1-universal-mingw32/lib/chef/provider.rb:144:in `run_action'
C:/opscode/chefdk/embedded/lib/ruby/gems/2.1.0/gems/chef-12.5.1-universal-mingw32/lib/chef/resource.rb:585:in `run_action'
C:/opscode/chefdk/embedded/lib/ruby/gems/2.1.0/gems/chef-12.5.1-universal-mingw32/lib/chef/runner.rb:49:in `run_action'
C:/opscode/chefdk/embedded/lib/ruby/gems/2.1.0/gems/chef-12.5.1-universal-mingw32/lib/chef/runner.rb:81:in `block (2 levels) in converge'
C:/opscode/chefdk/embedded/lib/ruby/gems/2.1.0/gems/chef-12.5.1-universal-mingw32/lib/chef/runner.rb:81:in `each'
C:/opscode/chefdk/embedded/lib/ruby/gems/2.1.0/gems/chef-12.5.1-universal-mingw32/lib/chef/runner.rb:81:in `block in converge'
C:/opscode/chefdk/embedded/lib/ruby/gems/2.1.0/gems/chef-12.5.1-universal-mingw32/lib/chef/resource_collection/resource_list.rb:83:in `block in execute_each_resource'
C:/opscode/chefdk/embedded/lib/ruby/gems/2.1.0/gems/chef-12.5.1-universal-mingw32/lib/chef/resource_collection/stepable_iterator.rb:116:in `call'
C:/opscode/chefdk/embedded/lib/ruby/gems/2.1.0/gems/chef-12.5.1-universal-mingw32/lib/chef/resource_collection/stepable_iterator.rb:116:in `call_iterator_block'
C:/opscode/chefdk/embedded/lib/ruby/gems/2.1.0/gems/chef-12.5.1-universal-mingw32/lib/chef/resource_collection/stepable_iterator.rb:85:in `step'
C:/opscode/chefdk/embedded/lib/ruby/gems/2.1.0/gems/chef-12.5.1-universal-mingw32/lib/chef/resource_collection/stepable_iterator.rb:104:in `iterate'
C:/opscode/chefdk/embedded/lib/ruby/gems/2.1.0/gems/chef-12.5.1-universal-mingw32/lib/chef/resource_collection/stepable_iterator.rb:55:in `each_with_index'
C:/opscode/chefdk/embedded/lib/ruby/gems/2.1.0/gems/chef-12.5.1-universal-mingw32/lib/chef/resource_collection/resource_list.rb:81:in `execute_each_resource'
C:/opscode/chefdk/embedded/lib/ruby/gems/2.1.0/gems/chef-12.5.1-universal-mingw32/lib/chef/runner.rb:80:in `converge'
C:/opscode/chefdk/embedded/lib/ruby/gems/2.1.0/gems/chef-12.5.1-universal-mingw32/lib/chef/client.rb:653:in `block in converge'
C:/opscode/chefdk/embedded/lib/ruby/gems/2.1.0/gems/chef-12.5.1-universal-mingw32/lib/chef/client.rb:648:in `catch'
C:/opscode/chefdk/embedded/lib/ruby/gems/2.1.0/gems/chef-12.5.1-universal-mingw32/lib/chef/client.rb:648:in `converge'
C:/opscode/chefdk/embedded/lib/ruby/gems/2.1.0/gems/chef-12.5.1-universal-mingw32/lib/chef/client.rb:687:in `converge_and_save'
C:/opscode/chefdk/embedded/lib/ruby/gems/2.1.0/gems/chef-12.5.1-universal-mingw32/lib/chef/client.rb:269:in `run'
C:/opscode/chefdk/embedded/lib/ruby/gems/2.1.0/gems/chef-12.5.1-universal-mingw32/lib/chef/application.rb:252:in `run_with_graceful_exit_option'
C:/opscode/chefdk/embedded/lib/ruby/gems/2.1.0/gems/chef-12.5.1-universal-mingw32/lib/chef/application.rb:229:in `block in run_chef_client'
C:/opscode/chefdk/embedded/lib/ruby/gems/2.1.0/gems/chef-12.5.1-universal-mingw32/lib/chef/local_mode.rb:44:in `with_server_connectivity'
C:/opscode/chefdk/embedded/lib/ruby/gems/2.1.0/gems/chef-12.5.1-universal-mingw32/lib/chef/application.rb:212:in `run_chef_client'
C:/opscode/chefdk/embedded/lib/ruby/gems/2.1.0/gems/chef-12.5.1-universal-mingw32/lib/chef/application/client.rb:408:in `block in interval_run_chef_client'
C:/opscode/chefdk/embedded/lib/ruby/gems/2.1.0/gems/chef-12.5.1-universal-mingw32/lib/chef/application/client.rb:398:in `loop'
C:/opscode/chefdk/embedded/lib/ruby/gems/2.1.0/gems/chef-12.5.1-universal-mingw32/lib/chef/application/client.rb:398:in `interval_run_chef_client'
C:/opscode/chefdk/embedded/lib/ruby/gems/2.1.0/gems/chef-12.5.1-universal-mingw32/lib/chef/application/client.rb:388:in `run_application'
C:/opscode/chefdk/embedded/lib/ruby/gems/2.1.0/gems/chef-12.5.1-universal-mingw32/lib/chef/application.rb:60:in `run'
C:/opscode/chefdk/embedded/lib/ruby/gems/2.1.0/gems/chef-12.5.1-universal-mingw32/bin/chef-client:26:in `<top (required)>'
C:/opscode/chefdk/bin/chef-client:64:in `load'
C:/opscode/chefdk/bin/chef-client:64:in `<main>'